Potential Threat Detected (Classifier) at Fri Mar 28 15:34:51 2025
Potential Threat Detected (Classifier) at Fri Mar 28 15:34:53 2025
Potential Threat Detected (Classifier) at Fri Mar 28 15:34:55 2025
Potential Threat Detected (Classifier) at Fri Mar 28 15:34:57 2025
Potential Threat Detected (Classifier) at Fri Mar 28 15:34:59 2025
Potential Threat Detected (Classifier) at Fri Mar 28 15:35:01 2025
Potential Threat Detected (Classifier) at Fri Mar 28 15:35:03 2025
Potential Threat Detected (Classifier) at Fri Mar 28 15:35:05 2025
Potential Threat Detected (Classifier) at Fri Mar 28 15:35:07 2025
Potential Threat Detected (Classifier) at Fri Mar 28 15:35:09 2025
Potential Threat Detected (Classifier) at Fri Mar 28 15:35:11 2025
Potential Threat Detected (Classifier) at Fri Mar 28 15:35:13 2025
Potential Threat Detected (Classifier) at Fri Mar 28 15:35:15 2025
Potential Threat Detected (Classifier) at Fri Mar 28 15:35:17 2025
Potential Threat Detected (Classifier) at Fri Mar 28 15:35:19 2025
Potential Threat Detected (Classifier) at Fri Mar 28 15:35:21 2025
Potential Threat Detected (Classifier) at Fri Mar 28 15:35:23 2025
Potential Threat Detected (Classifier) at Fri Mar 28 15:35:25 2025
Potential Threat Detected (Classifier) at Fri Mar 28 15:35:27 2025
Potential Threat Detected (Classifier) at Fri Mar 28 15:35:29 2025
Potential Threat Detected (Classifier) at Fri Mar 28 15:35:31 2025
Potential Threat Detected (Classifier) at Fri Mar 28 15:35:33 2025
Potential Threat Detected (Classifier) at Fri Mar 28 15:35:36 2025
Potential Threat Detected (Classifier) at Fri Mar 28 15:35:38 2025
Potential Threat Detected (Classifier) at Fri Mar 28 15:35:40 2025
Potential Threat Detected (Classifier) at Fri Mar 28 15:35:42 2025
Potential Threat Detected (Classifier) at Fri Mar 28 15:35:44 2025
Potential Threat Detected (Classifier) at Fri Mar 28 15:35:46 2025
Potential Threat Detected (Classifier) at Fri Mar 28 15:35:48 2025
Potential Threat Detected (Classifier) at Sat Apr 26 04:02:49 2025
Potential Threat Detected (Classifier) at Sat Apr 26 04:02:51 2025
Potential Threat Detected (Classifier) at Sat Apr 26 04:02:53 2025
Potential Threat Detected (Classifier) at Sat Apr 26 04:02:55 2025
Potential Threat Detected (Classifier) at Sat Apr 26 04:02:57 2025
Potential Threat Detected (Classifier) at Sat Apr 26 04:02:59 2025
Potential Threat Detected (Classifier) at Sat Apr 26 04:03:01 2025
Potential Threat Detected (Classifier) at Sat Apr 26 04:03:03 2025
Potential Threat Detected (Classifier) at Sat Apr 26 04:03:05 2025
Potential Threat Detected (Classifier) at Sat Apr 26 04:03:07 2025
Potential Threat Detected (Classifier) at Sat Apr 26 04:03:09 2025
Potential Threat Detected (Classifier) at Sat Apr 26 04:11:39 2025
Potential Threat Detected (Classifier) at Sat Apr 26 04:11:41 2025
Potential Threat Detected (Classifier) at Sat Apr 26 04:11:43 2025
Potential Threat Detected (Classifier) at Sat Apr 26 04:11:45 2025
Potential Threat Detected (Classifier) at Sat Apr 26 04:11:47 2025
Potential Threat Detected (Classifier) at Sat Apr 26 04:11:49 2025
Potential Threat Detected (Classifier) at Sat Apr 26 04:11:51 2025
Potential Threat Detected (Classifier) at Sat Apr 26 04:11:53 2025
Potential Threat Detected (Classifier) at Sat Apr 26 04:11:55 2025
Potential Threat Detected (Classifier) at Sat Apr 26 04:11:57 2025
Potential Threat Detected (Classifier) at Sat Apr 26 04:11:59 2025
Potential Threat Detected (Classifier) at Sat Apr 26 04:12:01 2025
Potential Threat Detected (Classifier) at Sat Apr 26 04:12:03 2025
Potential Threat Detected (Classifier) at Sat Apr 26 04:12:05 2025
Potential Threat Detected (Classifier) at Sat Apr 26 04:12:07 2025
Potential Threat Detected (Classifier) at Sat Apr 26 04:12:10 2025
Potential Threat Detected (Classifier) at Sat Apr 26 04:12:12 2025
Potential Threat Detected (Classifier) at Sat Apr 26 04:12:14 2025
Potential Threat Detected (Classifier) at Sat Apr 26 04:12:16 2025
Potential Threat Detected (Classifier) at Sat Apr 26 04:12:18 2025
Potential Threat Detected (Classifier) at Sat Apr 26 04:12:20 2025
Potential Threat Detected (Classifier) at Sat Apr 26 04:18:34 2025
Potential Threat Detected (Classifier) at Sat Apr 26 04:18:36 2025
Potential Threat Detected (Classifier) at Sat Apr 26 04:18:38 2025
Potential Threat Detected (Classifier) at Sat Apr 26 04:18:40 2025
Potential Threat Detected (Classifier) at Sat Apr 26 04:18:43 2025
Potential Threat Detected (Classifier) at Sat Apr 26 04:18:45 2025
Potential Threat Detected (Classifier) at Sat Apr 26 04:18:47 2025
Potential Threat Detected (Classifier) at Sat Apr 26 04:18:49 2025
Potential Threat Detected (Classifier) at Sat Apr 26 04:18:51 2025
Potential Threat Detected (Classifier) at Sat Apr 26 04:18:53 2025
Potential Threat Detected (Classifier) at Sat Apr 26 04:18:55 2025
Potential Threat Detected (Classifier) at Sat Apr 26 04:18:57 2025
Potential Threat Detected (Classifier) at Sat Apr 26 04:18:59 2025
Potential Threat Detected (Classifier) at Sat Apr 26 04:19:01 2025
Potential Threat Detected (Classifier) at Sat Apr 26 04:19:03 2025
Potential Threat Detected (Classifier) at Sat Apr 26 04:19:05 2025
Potential Threat Detected (Classifier) at Sat Apr 26 04:19:07 2025
Potential Threat Detected (Classifier) at Sat Apr 26 04:19:09 2025
Potential Threat Detected (Classifier) at Sat Apr 26 04:19:11 2025
Potential Threat Detected (Classifier) at Sat Apr 26 04:19:13 2025
Potential Threat Detected (Classifier) at Sat Apr 26 04:19:15 2025
Potential Threat Detected (Classifier) at Sat Apr 26 04:19:17 2025
Potential Threat Detected (Classifier) at Sat Apr 26 04:19:19 2025
Potential Threat Detected (Classifier) at Sat Apr 26 04:19:21 2025
Potential Threat Detected (Classifier) at Sat Apr 26 04:19:23 2025
Potential Threat Detected (Classifier) at Sat Apr 26 04:19:25 2025
Potential Threat Detected (Classifier) at Sat Apr 26 04:19:27 2025
Potential Threat Detected (Classifier) at Sat Apr 26 04:19:29 2025
Potential Threat Detected (Classifier) at Sat Apr 26 04:19:31 2025
Potential Threat Detected (Classifier) at Sat Apr 26 04:19:33 2025
Potential Threat Detected (Classifier) at Sat Apr 26 04:19:35 2025
Potential Threat Detected (Classifier) at Sat Apr 26 04:19:37 2025
Potential Threat Detected (Classifier) at Sat Apr 26 04:19:39 2025
Potential Threat Detected (Classifier) at Sat Apr 26 04:19:41 2025
Potential Threat Detected (Classifier) at Sat Apr 26 04:19:43 2025
Potential Threat Detected (Classifier) at Sat Apr 26 04:19:45 2025
Potential Threat Detected (Classifier) at Sat Apr 26 04:19:47 2025
Potential Threat Detected (Classifier) at Sat Apr 26 04:19:49 2025
Potential Threat Detected (Classifier) at Sat Apr 26 04:19:51 2025
Potential Threat Detected (Classifier) at Sat Apr 26 04:19:53 2025
Potential Threat Detected (Classifier) at Sat Apr 26 04:19:55 2025
Potential Threat Detected (Classifier) at Sat Apr 26 04:19:57 2025
Potential Threat Detected (Classifier) at Sat Apr 26 04:19:59 2025
Potential Threat Detected (Classifier) at Sat Apr 26 04:20:01 2025
Potential Threat Detected (Classifier) at Sat Apr 26 04:20:03 2025
Potential Threat Detected (Classifier) at Sat Apr 26 04:20:05 2025
Potential Threat Detected (Classifier) at Sat Apr 26 04:20:07 2025
Potential Threat Detected (Classifier) at Sat Apr 26 04:20:09 2025
Potential Threat Detected (Classifier) at Sat Apr 26 04:20:11 2025
Potential Threat Detected (Classifier) at Mon Apr 28 23:42:04 2025
Potential Threat Detected (Classifier) at Mon Apr 28 23:42:06 2025
Potential Threat Detected (Classifier) at Mon Apr 28 23:42:08 2025
Potential Threat Detected (Classifier) at Mon Apr 28 23:42:10 2025
Potential Threat Detected (Classifier) at Mon Apr 28 23:42:12 2025
Potential Threat Detected (Classifier) at Mon Apr 28 23:42:14 2025
Potential Threat Detected (Classifier) at Mon Apr 28 23:42:16 2025
Potential Threat Detected (Classifier) at Mon Apr 28 23:42:18 2025
Potential Threat Detected (Classifier) at Mon Apr 28 23:42:20 2025
Potential Threat Detected (Classifier) at Mon Apr 28 23:42:22 2025
Potential Threat Detected (Classifier) at Mon Apr 28 23:42:24 2025
Potential Threat Detected (Classifier) at Mon Apr 28 23:42:26 2025
Potential Threat Detected (Classifier) at Mon Apr 28 23:42:28 2025
Potential Threat Detected (Classifier) at Mon Apr 28 23:42:30 2025
Potential Threat Detected (Classifier) at Mon Apr 28 23:42:32 2025
Potential Threat Detected (Classifier) at Mon Apr 28 23:42:34 2025
Potential Threat Detected (Classifier) at Mon Apr 28 23:42:36 2025
Potential Threat Detected (Classifier) at Mon Apr 28 23:42:38 2025
Potential Threat Detected (Classifier) at Mon Apr 28 23:42:40 2025
Potential Threat Detected (Classifier) at Mon Apr 28 23:42:42 2025
Potential Threat Detected (Classifier) at Mon Apr 28 23:42:44 2025
Potential Threat Detected (Classifier) at Mon Apr 28 23:42:46 2025
Potential Threat Detected (Classifier) at Mon Apr 28 23:42:48 2025
Potential Threat Detected (Classifier) at Mon Apr 28 23:42:50 2025
Potential Threat Detected (Classifier) at Sat Nov  8 15:09:28 2025
Potential Threat Detected (Classifier) at Sat Nov  8 15:09:30 2025
Potential Threat Detected (Classifier) at Sat Nov  8 15:09:32 2025
Potential Threat Detected (Classifier) at Sat Nov  8 15:09:34 2025
Potential Threat Detected (Classifier) at Sat Nov  8 15:09:36 2025
Threat Detected: Malware at Mon Nov 17 20:21:33 2025
Threat Detected: Malware at Mon Nov 17 20:21:35 2025
